[01:17:34.011] [32mINFO[39m (18820): [36mServer listening[39m
    [35mport[39m: 8080
[01:18:03.011] [32mINFO[39m (18820): [36mrequest completed[39m
    [35mreq[39m: {
      "id": 1,
      "method": "GET",
      "url": "/api/healthz"
    }
    [35mres[39m: {
      "statusCode": 200
    }
    [35mresponseTime[39m: 17
[01:18:42.543] [32mINFO[39m (18820): [36mrequest completed[39m
    [35mreq[39m: {
      "id": 5,
      "method": "GET",
      "url": "/api/cars/stats"
    }
    [35mres[39m: {
      "statusCode": 200
    }
    [35mresponseTime[39m: 60
[01:18:42.547] [32mINFO[39m (18820): [36mrequest completed[39m
    [35mreq[39m: {
      "id": 6,
      "method": "GET",
      "url": "/api/cars/brands"
    }
    [35mres[39m: {
      "statusCode": 200
    }
    [35mresponseTime[39m: 2
[01:18:43.045] [32mINFO[39m (18820): [36mrequest completed[39m
    [35mreq[39m: {
      "id": 7,
      "method": "GET",
      "url": "/api/insights/market-overview"
    }
    [35mres[39m: {
      "statusCode": 200
    }
    [35mresponseTime[39m: 497
[01:18:44.150] [32mINFO[39m (18820): [36mrequest completed[39m
    [35mreq[39m: {
      "id": 4,
      "method": "GET",
      "url": "/api/auth/me"
    }
    [35mres[39m: {
      "statusCode": 304
    }
    [35mresponseTime[39m: 1672
[01:18:44.665] [32mINFO[39m (18820): [36mrequest completed[39m
    [35mreq[39m: {
      "id": 2,
      "method": "GET",
      "url": "/api/profile/me"
    }
    [35mres[39m: {
      "statusCode": 200
    }
    [35mresponseTime[39m: 2218
[01:18:45.876] [32mINFO[39m (18820): [36mrequest completed[39m
    [35mreq[39m: {
      "id": 3,
      "method": "GET",
      "url": "/api/profile/recommendations"
    }
    [35mres[39m: {
      "statusCode": 200
    }
    [35mresponseTime[39m: 3407
[01:18:57.265] [32mINFO[39m (18820): [36mrequest completed[39m
    [35mreq[39m: {
      "id": 8,
      "method": "POST",
      "url": "/api/query-process"
    }
    [35mres[39m: {
      "statusCode": 200
    }
    [35mresponseTime[39m: 2122
[01:19:06.930] [32mINFO[39m (18820): [36mrequest completed[39m
    [35mreq[39m: {
      "id": 9,
      "method": "POST",
      "url": "/api/query-process"
    }
    [35mres[39m: {
      "statusCode": 200
    }
    [35mresponseTime[39m: 2969
[01:20:25.382] [32mINFO[39m (18820): [36mrequest completed[39m
    [35mreq[39m: {
      "id": 10,
      "method": "GET",
      "url": "/api/cars/stats"
    }
    [35mres[39m: {
      "statusCode": 304
    }
    [35mresponseTime[39m: 5
[01:20:25.388] [32mINFO[39m (18820): [36mrequest completed[39m
    [35mreq[39m: {
      "id": 11,
      "method": "GET",
      "url": "/api/cars/brands"
    }
    [35mres[39m: {
      "statusCode": 304
    }
    [35mresponseTime[39m: 4
[01:20:25.873] [32mINFO[39m (18820): [36mrequest completed[39m
    [35mreq[39m: {
      "id": 12,
      "method": "GET",
      "url": "/api/insights/market-overview"
    }
    [35mres[39m: {
      "statusCode": 304
    }
    [35mresponseTime[39m: 483
[01:20:55.305] [32mINFO[39m (18820): [36mrequest completed[39m
    [35mreq[39m: {
      "id": 13,
      "method": "POST",
      "url": "/api/auth/login"
    }
    [35mres[39m: {
      "statusCode": 200
    }
    [35mresponseTime[39m: 1231
[01:20:56.622] [32mINFO[39m (18820): [36mrequest completed[39m
    [35mreq[39m: {
      "id": 14,
      "method": "GET",
      "url": "/api/profile/me"
    }
    [35mres[39m: {
      "statusCode": 304
    }
    [35mresponseTime[39m: 940
[01:20:58.137] [32mINFO[39m (18820): [36mrequest completed[39m
    [35mreq[39m: {
      "id": 15,
      "method": "GET",
      "url": "/api/profile/recommendations"
    }
    [35mres[39m: {
      "statusCode": 304
    }
    [35mresponseTime[39m: 2451
[01:21:34.197] [32mINFO[39m (18820): [36mrequest completed[39m
    [35mreq[39m: {
      "id": 16,
      "method": "POST",
      "url": "/api/profile/events"
    }
    [35mres[39m: {
      "statusCode": 200
    }
    [35mresponseTime[39m: 1386
[01:21:34.921] [32mINFO[39m (18820): [36mrequest completed[39m
    [35mreq[39m: {
      "id": 17,
      "method": "POST",
      "url": "/api/query-process"
    }
    [35mres[39m: {
      "statusCode": 200
    }
    [35mresponseTime[39m: 2092
[01:21:39.906] [32mINFO[39m (18820): [36mrequest completed[39m
    [35mreq[39m: {
      "id": 19,
      "method": "GET",
      "url": "/api/cars/65"
    }
    [35mres[39m: {
      "statusCode": 200
    }
    [35mresponseTime[39m: 3
[01:21:39.968] [32mINFO[39m (18820): [36mrequest completed[39m
    [35mreq[39m: {
      "id": 18,
      "method": "POST",
      "url": "/api/profile/events"
    }
    [35mres[39m: {
      "statusCode": 200
    }
    [35mresponseTime[39m: 403
[01:21:40.693] [32mINFO[39m (18820): [36mrequest completed[39m
    [35mreq[39m: {
      "id": 21,
      "method": "POST",
      "url": "/api/profile/events"
    }
    [35mres[39m: {
      "statusCode": 200
    }
    [35mresponseTime[39m: 431
[01:21:42.777] [32mINFO[39m (18820): [36mrequest completed[39m
    [35mreq[39m: {
      "id": 20,
      "method": "GET",
      "url": "/api/insights/65"
    }
    [35mres[39m: {
      "statusCode": 200
    }
    [35mresponseTime[39m: 2870
[01:21:46.939] [32mINFO[39m (18820): [36mrequest completed[39m
    [35mreq[39m: {
      "id": 25,
      "method": "GET",
      "url": "/api/cars/stats"
    }
    [35mres[39m: {
      "statusCode": 304
    }
    [35mresponseTime[39m: 4
[01:21:46.941] [32mINFO[39m (18820): [36mrequest completed[39m
    [35mreq[39m: {
      "id": 26,
      "method": "GET",
      "url": "/api/cars/brands"
    }
    [35mres[39m: {
      "statusCode": 304
    }
    [35mresponseTime[39m: 1
[01:21:47.279] [32mINFO[39m (18820): [36mrequest completed[39m
    [35mreq[39m: {
      "id": 27,
      "method": "GET",
      "url": "/api/insights/market-overview"
    }
    [35mres[39m: {
      "statusCode": 304
    }
    [35mresponseTime[39m: 337
[01:21:47.438] [32mINFO[39m (18820): [36mrequest completed[39m
    [35mreq[39m: {
      "id": 22,
      "method": "POST",
      "url": "/api/profile/events"
    }
    [35mres[39m: {
      "statusCode": 200
    }
    [35mresponseTime[39m: 516
[01:21:49.004] [32mINFO[39m (18820): [36mrequest completed[39m
    [35mreq[39m: {
      "id": 23,
      "method": "GET",
      "url": "/api/profile/me"
    }
    [35mres[39m: {
      "statusCode": 200
    }
    [35mresponseTime[39m: 2077
[01:21:49.424] [32mINFO[39m (18820): [36mrequest completed[39m
    [35mreq[39m: {
      "id": 24,
      "method": "GET",
      "url": "/api/profile/recommendations"
    }
    [35mres[39m: {
      "statusCode": 200
    }
    [35mresponseTime[39m: 2494
[01:23:19.719] [32mINFO[39m (18820): [36mrequest completed[39m
    [35mreq[39m: {
      "id": 28,
      "method": "GET",
      "url": "/api/cars/stats"
    }
    [35mres[39m: {
      "statusCode": 200
    }
    [35mresponseTime[39m: 3
[01:23:19.723] [32mINFO[39m (18820): [36mrequest completed[39m
    [35mreq[39m: {
      "id": 29,
      "method": "GET",
      "url": "/api/cars/brands"
    }
    [35mres[39m: {
      "statusCode": 200
    }
    [35mresponseTime[39m: 3
[01:23:20.083] [32mINFO[39m (18820): [36mrequest completed[39m
    [35mreq[39m: {
      "id": 30,
      "method": "GET",
      "url": "/api/insights/market-overview"
    }
    [35mres[39m: {
      "statusCode": 200
    }
    [35mresponseTime[39m: 358
[01:24:16.492] [32mINFO[39m (18820): [36mrequest completed[39m
    [35mreq[39m: {
      "id": 31,
      "method": "GET",
      "url": "/api/cars/stats"
    }
    [35mres[39m: {
      "statusCode": 304
    }
    [35mresponseTime[39m: 3
[01:24:16.494] [32mINFO[39m (18820): [36mrequest completed[39m
    [35mreq[39m: {
      "id": 32,
      "method": "GET",
      "url": "/api/cars/brands"
    }
    [35mres[39m: {
      "statusCode": 304
    }
    [35mresponseTime[39m: 1
[01:24:16.851] [32mINFO[39m (18820): [36mrequest completed[39m
    [35mreq[39m: {
      "id": 33,
      "method": "GET",
      "url": "/api/insights/market-overview"
    }
    [35mres[39m: {
      "statusCode": 304
    }
    [35mresponseTime[39m: 355
[01:24:31.957] [32mINFO[39m (18820): [36mrequest completed[39m
    [35mreq[39m: {
      "id": 34,
      "method": "POST",
      "url": "/api/query-process"
    }
    [35mres[39m: {
      "statusCode": 200
    }
    [35mresponseTime[39m: 3490
[01:24:45.400] [32mINFO[39m (18820): [36mrequest completed[39m
    [35mreq[39m: {
      "id": 35,
      "method": "POST",
      "url": "/api/query-process"
    }
    [35mres[39m: {
      "statusCode": 200
    }
    [35mresponseTime[39m: 1894
[01:24:54.671] [32mINFO[39m (18820): [36mrequest completed[39m
    [35mreq[39m: {
      "id": 36,
      "method": "GET",
      "url": "/api/cars/931"
    }
    [35mres[39m: {
      "statusCode": 200
    }
    [35mresponseTime[39m: 2
[01:24:56.672] [32mINFO[39m (18820): [36mrequest completed[39m
    [35mreq[39m: {
      "id": 37,
      "method": "GET",
      "url": "/api/insights/931"
    }
    [35mres[39m: {
      "statusCode": 200
    }
    [35mresponseTime[39m: 1897
[01:25:00.294] [32mINFO[39m (18820): [36mrequest completed[39m
    [35mreq[39m: {
      "id": 38,
      "method": "GET",
      "url": "/api/cars/stats"
    }
    [35mres[39m: {
      "statusCode": 304
    }
    [35mresponseTime[39m: 3
[01:25:00.300] [32mINFO[39m (18820): [36mrequest completed[39m
    [35mreq[39m: {
      "id": 39,
      "method": "GET",
      "url": "/api/cars/brands"
    }
    [35mres[39m: {
      "statusCode": 304
    }
    [35mresponseTime[39m: 3
[01:25:00.656] [32mINFO[39m (18820): [36mrequest completed[39m
    [35mreq[39m: {
      "id": 40,
      "method": "GET",
      "url": "/api/insights/market-overview"
    }
    [35mres[39m: {
      "statusCode": 304
    }
    [35mresponseTime[39m: 354
[01:25:03.990] [32mINFO[39m (18820): [36mrequest completed[39m
    [35mreq[39m: {
      "id": 41,
      "method": "GET",
      "url": "/api/cars"
    }
    [35mres[39m: {
      "statusCode": 200
    }
    [35mresponseTime[39m: 10
[01:25:12.861] [32mINFO[39m (18820): [36mrequest completed[39m
    [35mreq[39m: {
      "id": 42,
      "method": "GET",
      "url": "/api/cars/stats"
    }
    [35mres[39m: {
      "statusCode": 304
    }
    [35mresponseTime[39m: 4
[01:25:12.865] [32mINFO[39m (18820): [36mrequest completed[39m
    [35mreq[39m: {
      "id": 43,
      "method": "GET",
      "url": "/api/cars/brands"
    }
    [35mres[39m: {
      "statusCode": 304
    }
    [35mresponseTime[39m: 3
[01:25:13.243] [32mINFO[39m (18820): [36mrequest completed[39m
    [35mreq[39m: {
      "id": 44,
      "method": "GET",
      "url": "/api/insights/market-overview"
    }
    [35mres[39m: {
      "statusCode": 304
    }
    [35mresponseTime[39m: 376
[01:25:35.425] [32mINFO[39m (18820): [36mrequest completed[39m
    [35mreq[39m: {
      "id": 45,
      "method": "POST",
      "url": "/api/query-process"
    }
    [35mres[39m: {
      "statusCode": 200
    }
    [35mresponseTime[39m: 2048
[01:25:57.673] [32mINFO[39m (18820): [36mrequest completed[39m
    [35mreq[39m: {
      "id": 46,
      "method": "POST",
      "url": "/api/query-process"
    }
    [35mres[39m: {
      "statusCode": 200
    }
    [35mresponseTime[39m: 3876
[01:26:15.211] [32mINFO[39m (18820): [36mrequest completed[39m
    [35mreq[39m: {
      "id": 47,
      "method": "POST",
      "url": "/api/query-process"
    }
    [35mres[39m: {
      "statusCode": 200
    }
    [35mresponseTime[39m: 1712
[01:26:19.541] [32mINFO[39m (18820): [36mrequest completed[39m
    [35mreq[39m: {
      "id": 48,
      "method": "GET",
      "url": "/api/cars/24"
    }
    [35mres[39m: {
      "statusCode": 200
    }
    [35mresponseTime[39m: 4
[01:26:21.329] [32mINFO[39m (18820): [36mrequest completed[39m
    [35mreq[39m: {
      "id": 49,
      "method": "GET",
      "url": "/api/insights/24"
    }
    [35mres[39m: {
      "statusCode": 200
    }
    [35mresponseTime[39m: 1486
[01:26:43.474] [32mINFO[39m (18820): [36mrequest completed[39m
    [35mreq[39m: {
      "id": 50,
      "method": "GET",
      "url": "/api/cars/stats"
    }
    [35mres[39m: {
      "statusCode": 304
    }
    [35mresponseTime[39m: 3
[01:26:43.479] [32mINFO[39m (18820): [36mrequest completed[39m
    [35mreq[39m: {
      "id": 51,
      "method": "GET",
      "url": "/api/cars/brands"
    }
    [35mres[39m: {
      "statusCode": 304
    }
    [35mresponseTime[39m: 3
[01:26:43.860] [32mINFO[39m (18820): [36mrequest completed[39m
    [35mreq[39m: {
      "id": 52,
      "method": "GET",
      "url": "/api/insights/market-overview"
    }
    [35mres[39m: {
      "statusCode": 304
    }
    [35mresponseTime[39m: 380
[01:27:20.928] [32mINFO[39m (18820): [36mrequest completed[39m
    [35mreq[39m: {
      "id": 53,
      "method": "POST",
      "url": "/api/auth/register"
    }
    [35mres[39m: {
      "statusCode": 201
    }
    [35mresponseTime[39m: 1636
[01:27:21.072] [32mINFO[39m (18820): [36mrequest completed[39m
    [35mreq[39m: {
      "id": 56,
      "method": "GET",
      "url": "/api/cars/stats"
    }
    [35mres[39m: {
      "statusCode": 304
    }
    [35mresponseTime[39m: 3
[01:27:21.078] [32mINFO[39m (18820): [36mrequest completed[39m
    [35mreq[39m: {
      "id": 57,
      "method": "GET",
      "url": "/api/cars/brands"
    }
    [35mres[39m: {
      "statusCode": 304
    }
    [35mresponseTime[39m: 3
[01:27:21.690] [32mINFO[39m (18820): [36mrequest completed[39m
    [35mreq[39m: {
      "id": 58,
      "method": "GET",
      "url": "/api/insights/market-overview"
    }
    [35mres[39m: {
      "statusCode": 304
    }
    [35mresponseTime[39m: 317
[01:27:22.025] [32mINFO[39m (18820): [36mrequest completed[39m
    [35mreq[39m: {
      "id": 54,
      "method": "GET",
      "url": "/api/profile/me"
    }
    [35mres[39m: {
      "statusCode": 200
    }
    [35mresponseTime[39m: 1049
[01:27:23.000] [32mINFO[39m (18820): [36mrequest completed[39m
    [35mreq[39m: {
      "id": 55,
      "method": "GET",
      "url": "/api/profile/recommendations"
    }
    [35mres[39m: {
      "statusCode": 200
    }
    [35mresponseTime[39m: 1941
[01:28:08.918] [32mINFO[39m (18820): [36mrequest completed[39m
    [35mreq[39m: {
      "id": 59,
      "method": "PUT",
      "url": "/api/profile/onboarding"
    }
    [35mres[39m: {
      "statusCode": 200
    }
    [35mresponseTime[39m: 1168
[01:28:09.642] [32mINFO[39m (18820): [36mrequest completed[39m
    [35mreq[39m: {
      "id": 60,
      "method": "GET",
      "url": "/api/profile/recommendations"
    }
    [35mres[39m: {
      "statusCode": 200
    }
    [35mresponseTime[39m: 709
[01:28:38.273] [32mINFO[39m (18820): [36mrequest completed[39m
    [35mreq[39m: {
      "id": 61,
      "method": "POST",
      "url": "/api/profile/events"
    }
    [35mres[39m: {
      "statusCode": 200
    }
    [35mresponseTime[39m: 1019
[01:28:40.877] [32mINFO[39m (18820): [36mrequest completed[39m
    [35mreq[39m: {
      "id": 62,
      "method": "POST",
      "url": "/api/query-process"
    }
    [35mres[39m: {
      "statusCode": 200
    }
    [35mresponseTime[39m: 3610
[01:28:43.556] [32mINFO[39m (18820): [36mrequest completed[39m
    [35mreq[39m: {
      "id": 63,
      "method": "POST",
      "url": "/api/profile/events"
    }
    [35mres[39m: {
      "statusCode": 200
    }
    [35mresponseTime[39m: 330
[01:28:43.564] [32mINFO[39m (18820): [36mrequest completed[39m
    [35mreq[39m: {
      "id": 64,
      "method": "GET",
      "url": "/api/cars/388"
    }
    [35mres[39m: {
      "statusCode": 200
    }
    [35mresponseTime[39m: 3
[01:28:44.289] [32mINFO[39m (18820): [36mrequest completed[39m
    [35mreq[39m: {
      "id": 66,
      "method": "POST",
      "url": "/api/profile/events"
    }
    [35mres[39m: {
      "statusCode": 200
    }
    [35mresponseTime[39m: 390
[01:28:44.922] [32mINFO[39m (18820): [36mrequest completed[39m
    [35mreq[39m: {
      "id": 65,
      "method": "GET",
      "url": "/api/insights/388"
    }
    [35mres[39m: {
      "statusCode": 200
    }
    [35mresponseTime[39m: 1357
[01:28:50.380] [32mINFO[39m (18820): [36mrequest completed[39m
    [35mreq[39m: {
      "id": 70,
      "method": "GET",
      "url": "/api/cars/stats"
    }
    [35mres[39m: {
      "statusCode": 304
    }
    [35mresponseTime[39m: 3
[01:28:50.383] [32mINFO[39m (18820): [36mrequest completed[39m
    [35mreq[39m: {
      "id": 71,
      "method": "GET",
      "url": "/api/cars/brands"
    }
    [35mres[39m: {
      "statusCode": 304
    }
    [35mresponseTime[39m: 1
[01:28:50.716] [32mINFO[39m (18820): [36mrequest completed[39m
    [35mreq[39m: {
      "id": 72,
      "method": "GET",
      "url": "/api/insights/market-overview"
    }
    [35mres[39m: {
      "statusCode": 304
    }
    [35mresponseTime[39m: 332
[01:28:50.948] [32mINFO[39m (18820): [36mrequest completed[39m
    [35mreq[39m: {
      "id": 67,
      "method": "POST",
      "url": "/api/profile/events"
    }
    [35mres[39m: {
      "statusCode": 200
    }
    [35mresponseTime[39m: 580
[01:28:52.184] [32mINFO[39m (18820): [36mrequest completed[39m
    [35mreq[39m: {
      "id": 68,
      "method": "GET",
      "url": "/api/profile/me"
    }
    [35mres[39m: {
      "statusCode": 200
    }
    [35mresponseTime[39m: 1812
[01:28:52.655] [32mINFO[39m (18820): [36mrequest completed[39m
    [35mreq[39m: {
      "id": 69,
      "method": "GET",
      "url": "/api/profile/recommendations"
    }
    [35mres[39m: {
      "statusCode": 200
    }
    [35mresponseTime[39m: 2281
[01:29:39.579] [32mINFO[39m (18820): [36mrequest completed[39m
    [35mreq[39m: {
      "id": 73,
      "method": "POST",
      "url": "/api/profile/events"
    }
    [35mres[39m: {
      "statusCode": 200
    }
    [35mresponseTime[39m: 1374
[01:29:41.977] [32mINFO[39m (18820): [36mrequest completed[39m
    [35mreq[39m: {
      "id": 74,
      "method": "POST",
      "url": "/api/query-process"
    }
    [35mres[39m: {
      "statusCode": 200
    }
    [35mresponseTime[39m: 3463
[01:29:47.685] [32mINFO[39m (18820): [36mrequest completed[39m
    [35mreq[39m: {
      "id": 76,
      "method": "GET",
      "url": "/api/cars/227"
    }
    [35mres[39m: {
      "statusCode": 200
    }
    [35mresponseTime[39m: 5
[01:29:48.002] [32mINFO[39m (18820): [36mrequest completed[39m
    [35mreq[39m: {
      "id": 75,
      "method": "POST",
      "url": "/api/profile/events"
    }
    [35mres[39m: {
      "statusCode": 200
    }
    [35mresponseTime[39m: 327
[01:29:48.602] [32mINFO[39m (18820): [36mrequest completed[39m
    [35mreq[39m: {
      "id": 77,
      "method": "GET",
      "url": "/api/insights/227"
    }
    [35mres[39m: {
      "statusCode": 200
    }
    [35mresponseTime[39m: 915
[01:29:49.073] [32mINFO[39m (18820): [36mrequest completed[39m
    [35mreq[39m: {
      "id": 78,
      "method": "POST",
      "url": "/api/profile/events"
    }
    [35mres[39m: {
      "statusCode": 200
    }
    [35mresponseTime[39m: 1356
[01:29:54.867] [32mINFO[39m (18820): [36mrequest completed[39m
    [35mreq[39m: {
      "id": 82,
      "method": "GET",
      "url": "/api/cars/stats"
    }
    [35mres[39m: {
      "statusCode": 304
    }
    [35mresponseTime[39m: 4
[01:29:54.871] [32mINFO[39m (18820): [36mrequest completed[39m
    [35mreq[39m: {
      "id": 83,
      "method": "GET",
      "url": "/api/cars/brands"
    }
    [35mres[39m: {
      "statusCode": 304
    }
    [35mresponseTime[39m: 2
[01:29:55.226] [32mINFO[39m (18820): [36mrequest completed[39m
    [35mreq[39m: {
      "id": 84,
      "method": "GET",
      "url": "/api/insights/market-overview"
    }
    [35mres[39m: {
      "statusCode": 304
    }
    [35mresponseTime[39m: 354
[01:29:55.230] [32mINFO[39m (18820): [36mrequest completed[39m
    [35mreq[39m: {
      "id": 79,
      "method": "POST",
      "url": "/api/profile/events"
    }
    [35mres[39m: {
      "statusCode": 200
    }
    [35mresponseTime[39m: 701
[01:29:56.120] [32mINFO[39m (18820): [36mrequest completed[39m
    [35mreq[39m: {
      "id": 80,
      "method": "GET",
      "url": "/api/profile/me"
    }
    [35mres[39m: {
      "statusCode": 200
    }
    [35mresponseTime[39m: 1262
[01:29:57.697] [32mINFO[39m (18820): [36mrequest completed[39m
    [35mreq[39m: {
      "id": 81,
      "method": "GET",
      "url": "/api/profile/recommendations"
    }
    [35mres[39m: {
      "statusCode": 200
    }
    [35mresponseTime[39m: 2836
[01:30:23.503] [32mINFO[39m (18820): [36mrequest completed[39m
    [35mreq[39m: {
      "id": 86,
      "method": "POST",
      "url": "/api/query-process"
    }
    [35mres[39m: {
      "statusCode": 200
    }
    [35mresponseTime[39m: 915
[01:30:23.702] [32mINFO[39m (18820): [36mrequest completed[39m
    [35mreq[39m: {
      "id": 85,
      "method": "POST",
      "url": "/api/profile/events"
    }
    [35mres[39m: {
      "statusCode": 200
    }
    [35mresponseTime[39m: 1432
[01:30:35.006] [32mINFO[39m (18820): [36mrequest completed[39m
    [35mreq[39m: {
      "id": 88,
      "method": "GET",
      "url": "/api/cars/328"
    }
    [35mres[39m: {
      "statusCode": 200
    }
    [35mresponseTime[39m: 3
[01:30:35.951] [32mINFO[39m (18820): [36mrequest completed[39m
    [35mreq[39m: {
      "id": 87,
      "method": "POST",
      "url": "/api/profile/events"
    }
    [35mres[39m: {
      "statusCode": 200
    }
    [35mresponseTime[39m: 985
[01:30:36.059] [32mINFO[39m (18820): [36mrequest completed[39m
    [35mreq[39m: {
      "id": 89,
      "method": "GET",
      "url": "/api/insights/328"
    }
    [35mres[39m: {
      "statusCode": 200
    }
    [35mresponseTime[39m: 1051
[01:30:36.208] [32mINFO[39m (18820): [36mrequest completed[39m
    [35mreq[39m: {
      "id": 90,
      "method": "POST",
      "url": "/api/profile/events"
    }
    [35mres[39m: {
      "statusCode": 200
    }
    [35mresponseTime[39m: 975
[01:31:02.787] [32mINFO[39m (18820): [36mrequest completed[39m
    [35mreq[39m: {
      "id": 93,
      "method": "GET",
      "url": "/api/cars/stats"
    }
    [35mres[39m: {
      "statusCode": 304
    }
    [35mresponseTime[39m: 3
[01:31:02.794] [32mINFO[39m (18820): [36mrequest completed[39m
    [35mreq[39m: {
      "id": 95,
      "method": "GET",
      "url": "/api/cars/brands"
    }
    [35mres[39m: {
      "statusCode": 304
    }
    [35mresponseTime[39m: 1
[01:31:03.128] [32mINFO[39m (18820): [36mrequest completed[39m
    [35mreq[39m: {
      "id": 96,
      "method": "GET",
      "url": "/api/insights/market-overview"
    }
    [35mres[39m: {
      "statusCode": 304
    }
    [35mresponseTime[39m: 333
[01:31:03.890] [32mINFO[39m (18820): [36mrequest completed[39m
    [35mreq[39m: {
      "id": 91,
      "method": "POST",
      "url": "/api/profile/events"
    }
    [35mres[39m: {
      "statusCode": 200
    }
    [35mresponseTime[39m: 1450
[01:31:05.631] [32mINFO[39m (18820): [36mrequest completed[39m
    [35mreq[39m: {
      "id": 94,
      "method": "GET",
      "url": "/api/profile/recommendations"
    }
    [35mres[39m: {
      "statusCode": 200
    }
    [35mresponseTime[39m: 2842
[01:31:05.636] [32mINFO[39m (18820): [36mrequest completed[39m
    [35mreq[39m: {
      "id": 92,
      "method": "GET",
      "url": "/api/profile/me"
    }
    [35mres[39m: {
      "statusCode": 200
    }
    [35mresponseTime[39m: 2856
[01:31:35.445] [32mINFO[39m (18820): [36mrequest completed[39m
    [35mreq[39m: {
      "id": 97,
      "method": "GET",
      "url": "/api/cars/stats"
    }
    [35mres[39m: {
      "statusCode": 304
    }
    [35mresponseTime[39m: 4
[01:31:35.450] [32mINFO[39m (18820): [36mrequest completed[39m
    [35mreq[39m: {
      "id": 98,
      "method": "GET",
      "url": "/api/cars/brands"
    }
    [35mres[39m: {
      "statusCode": 304
    }
    [35mresponseTime[39m: 3
[01:31:35.790] [32mINFO[39m (18820): [36mrequest completed[39m
    [35mreq[39m: {
      "id": 99,
      "method": "GET",
      "url": "/api/insights/market-overview"
    }
    [35mres[39m: {
      "statusCode": 304
    }
    [35mresponseTime[39m: 340
[01:34:56.250] [32mINFO[39m (18820): [36mrequest completed[39m
    [35mreq[39m: {
      "id": 100,
      "method": "GET",
      "url": "/api/cars/stats"
    }
    [35mres[39m: {
      "statusCode": 304
    }
    [35mresponseTime[39m: 4
[01:34:56.254] [32mINFO[39m (18820): [36mrequest completed[39m
    [35mreq[39m: {
      "id": 101,
      "method": "GET",
      "url": "/api/cars/brands"
    }
    [35mres[39m: {
      "statusCode": 304
    }
    [35mresponseTime[39m: 2
[01:34:56.597] [32mINFO[39m (18820): [36mrequest completed[39m
    [35mreq[39m: {
      "id": 102,
      "method": "GET",
      "url": "/api/insights/market-overview"
    }
    [35mres[39m: {
      "statusCode": 304
    }
    [35mresponseTime[39m: 342
[01:35:28.837] [32mINFO[39m (18820): [36mrequest completed[39m
    [35mreq[39m: {
      "id": 103,
      "method": "GET",
      "url": "/api/cars/stats"
    }
    [35mres[39m: {
      "statusCode": 304
    }
    [35mresponseTime[39m: 3
[01:35:28.841] [32mINFO[39m (18820): [36mrequest completed[39m
    [35mreq[39m: {
      "id": 104,
      "method": "GET",
      "url": "/api/cars/brands"
    }
    [35mres[39m: {
      "statusCode": 304
    }
    [35mresponseTime[39m: 2
[01:35:29.214] [32mINFO[39m (18820): [36mrequest completed[39m
    [35mreq[39m: {
      "id": 105,
      "method": "GET",
      "url": "/api/insights/market-overview"
    }
    [35mres[39m: {
      "statusCode": 304
    }
    [35mresponseTime[39m: 372
[01:43:08.024] [32mINFO[39m (18820): [36mrequest completed[39m
    [35mreq[39m: {
      "id": 106,
      "method": "GET",
      "url": "/api/cars/stats"
    }
    [35mres[39m: {
      "statusCode": 304
    }
    [35mresponseTime[39m: 1
[01:43:08.030] [32mINFO[39m (18820): [36mrequest completed[39m
    [35mreq[39m: {
      "id": 107,
      "method": "GET",
      "url": "/api/cars/brands"
    }
    [35mres[39m: {
      "statusCode": 304
    }
    [35mresponseTime[39m: 1
[01:43:08.199] [32mINFO[39m (18820): [36mrequest completed[39m
    [35mreq[39m: {
      "id": 108,
      "method": "GET",
      "url": "/api/insights/market-overview"
    }
    [35mres[39m: {
      "statusCode": 304
    }
    [35mresponseTime[39m: 169
[01:43:08.633] [32mINFO[39m (18820): [36mrequest completed[39m
    [35mreq[39m: {
      "id": 112,
      "method": "GET",
      "url": "/api/cars/stats"
    }
    [35mres[39m: {
      "statusCode": 304
    }
    [35mresponseTime[39m: 1
[01:43:08.639] [32mINFO[39m (18820): [36mrequest completed[39m
    [35mreq[39m: {
      "id": 113,
      "method": "GET",
      "url": "/api/cars/brands"
    }
    [35mres[39m: {
      "statusCode": 304
    }
    [35mresponseTime[39m: 1
[01:43:08.813] [32mINFO[39m (18820): [36mrequest completed[39m
    [35mreq[39m: {
      "id": 114,
      "method": "GET",
      "url": "/api/insights/market-overview"
    }
    [35mres[39m: {
      "statusCode": 304
    }
    [35mresponseTime[39m: 168
[01:43:09.724] [32mINFO[39m (18820): [36mrequest completed[39m
    [35mreq[39m: {
      "id": 111,
      "method": "GET",
      "url": "/api/auth/me"
    }
    [35mres[39m: {
      "statusCode": 200
    }
    [35mresponseTime[39m: 1108
[01:43:10.639] [32mINFO[39m (18820): [36mrequest completed[39m
    [35mreq[39m: {
      "id": 110,
      "method": "GET",
      "url": "/api/profile/recommendations"
    }
    [35mres[39m: {
      "statusCode": 304
    }
    [35mresponseTime[39m: 2207
[01:43:10.643] [32mINFO[39m (18820): [36mrequest completed[39m
    [35mreq[39m: {
      "id": 109,
      "method": "GET",
      "url": "/api/profile/me"
    }
    [35mres[39m: {
      "statusCode": 304
    }
    [35mresponseTime[39m: 2212
