[13:45:37.325] [32mINFO[39m (21872): [36mServer listening[39m
    [35mport[39m: 8080
[13:45:40.288] [32mINFO[39m (21872): [36mrequest completed[39m
    [35mreq[39m: {
      "id": 1,
      "method": "GET",
      "url": "/api/cars/371"
    }
    [35mres[39m: {
      "statusCode": 200
    }
    [35mresponseTime[39m: 47
[13:45:51.431] [32mINFO[39m (21872): [36mrequest completed[39m
    [35mreq[39m: {
      "id": 2,
      "method": "GET",
      "url": "/api/cars/371"
    }
    [35mres[39m: {
      "statusCode": 200
    }
    [35mresponseTime[39m: 2
[13:46:31.610] [32mINFO[39m (21872): [36mrequest completed[39m
    [35mreq[39m: {
      "id": 3,
      "method": "GET",
      "url": "/api/cars/371"
    }
    [35mres[39m: {
      "statusCode": 200
    }
    [35mresponseTime[39m: 3
[13:46:52.615] [32mINFO[39m (21872): [36mrequest completed[39m
    [35mreq[39m: {
      "id": 4,
      "method": "GET",
      "url": "/api/cars/brands"
    }
    [35mres[39m: {
      "statusCode": 200
    }
    [35mresponseTime[39m: 2
[13:46:52.837] [32mINFO[39m (21872): [36mrequest completed[39m
    [35mreq[39m: {
      "id": 5,
      "method": "GET",
      "url": "/api/insights/market-overview"
    }
    [35mres[39m: {
      "statusCode": 200
    }
    [35mresponseTime[39m: 221
[13:46:52.840] [32mINFO[39m (21872): [36mrequest completed[39m
    [35mreq[39m: {
      "id": 6,
      "method": "GET",
      "url": "/api/cars/stats"
    }
    [35mres[39m: {
      "statusCode": 200
    }
    [35mresponseTime[39m: 2
[13:47:14.915] [32mINFO[39m (21872): [36mrequest completed[39m
    [35mreq[39m: {
      "id": 7,
      "method": "POST",
      "url": "/api/query-process"
    }
    [35mres[39m: {
      "statusCode": 200
    }
    [35mresponseTime[39m: 5348
[13:47:16.057] [32mINFO[39m (21872): [36mrequest completed[39m
    [35mreq[39m: {
      "id": 11,
      "method": "GET",
      "url": "/api/images/255"
    }
    [35mres[39m: {
      "statusCode": 200
    }
    [35mresponseTime[39m: 766
[13:47:16.062] [32mINFO[39m (21872): [36mrequest completed[39m
    [35mreq[39m: {
      "id": 12,
      "method": "GET",
      "url": "/api/images/386"
    }
    [35mres[39m: {
      "statusCode": 200
    }
    [35mresponseTime[39m: 769
[13:47:16.221] [32mINFO[39m (21872): [36mrequest completed[39m
    [35mreq[39m: {
      "id": 10,
      "method": "GET",
      "url": "/api/images/30"
    }
    [35mres[39m: {
      "statusCode": 200
    }
    [35mresponseTime[39m: 931
[13:47:16.525] [32mINFO[39m (21872): [36mrequest completed[39m
    [35mreq[39m: {
      "id": 15,
      "method": "GET",
      "url": "/api/images/302"
    }
    [35mres[39m: {
      "statusCode": 200
    }
    [35mresponseTime[39m: 144
[13:47:16.564] [32mINFO[39m (21872): [36mrequest completed[39m
    [35mreq[39m: {
      "id": 14,
      "method": "GET",
      "url": "/api/images/211"
    }
    [35mres[39m: {
      "statusCode": 200
    }
    [35mresponseTime[39m: 185
[13:47:16.624] [32mINFO[39m (21872): [36mrequest completed[39m
    [35mreq[39m: {
      "id": 13,
      "method": "GET",
      "url": "/api/images/624"
    }
    [35mres[39m: {
      "statusCode": 304
    }
    [35mresponseTime[39m: 1330
[13:47:16.676] [32mINFO[39m (21872): [36mrequest completed[39m
    [35mreq[39m: {
      "id": 16,
      "method": "GET",
      "url": "/api/images/506"
    }
    [35mres[39m: {
      "statusCode": 200
    }
    [35mresponseTime[39m: 147
[13:47:16.820] [32mINFO[39m (21872): [36mrequest completed[39m
    [35mreq[39m: {
      "id": 8,
      "method": "GET",
      "url": "/api/images/886"
    }
    [35mres[39m: {
      "statusCode": 200
    }
    [35mresponseTime[39m: 1847
[13:47:17.007] [32mINFO[39m (21872): [36mrequest completed[39m
    [35mreq[39m: {
      "id": 17,
      "method": "GET",
      "url": "/api/images/90"
    }
    [35mres[39m: {
      "statusCode": 200
    }
    [35mresponseTime[39m: 158
[13:47:17.027] [32mINFO[39m (21872): [36mrequest completed[39m
    [35mreq[39m: {
      "id": 18,
      "method": "GET",
      "url": "/api/images/732"
    }
    [35mres[39m: {
      "statusCode": 200
    }
    [35mresponseTime[39m: 146
[13:47:17.031] [32mINFO[39m (21872): [36mrequest completed[39m
    [35mreq[39m: {
      "id": 9,
      "method": "GET",
      "url": "/api/images/301"
    }
    [35mres[39m: {
      "statusCode": 200
    }
    [35mresponseTime[39m: 1744
[13:47:17.111] [32mINFO[39m (21872): [36mrequest completed[39m
    [35mreq[39m: {
      "id": 19,
      "method": "GET",
      "url": "/api/images/505"
    }
    [35mres[39m: {
      "statusCode": 200
    }
    [35mresponseTime[39m: 167
[13:47:17.174] [32mINFO[39m (21872): [36mrequest completed[39m
    [35mreq[39m: {
      "id": 20,
      "method": "GET",
      "url": "/api/images/91"
    }
    [35mres[39m: {
      "statusCode": 200
    }
    [35mresponseTime[39m: 185
[13:47:17.297] [32mINFO[39m (21872): [36mrequest completed[39m
    [35mreq[39m: {
      "id": 21,
      "method": "GET",
      "url": "/api/images/631"
    }
    [35mres[39m: {
      "statusCode": 200
    }
    [35mresponseTime[39m: 166
[13:47:17.485] [32mINFO[39m (21872): [36mrequest completed[39m
    [35mreq[39m: {
      "id": 22,
      "method": "GET",
      "url": "/api/images/267"
    }
    [35mres[39m: {
      "statusCode": 200
    }
    [35mresponseTime[39m: 166
[13:47:17.497] [32mINFO[39m (21872): [36mrequest completed[39m
    [35mreq[39m: {
      "id": 24,
      "method": "GET",
      "url": "/api/images/400"
    }
    [35mres[39m: {
      "statusCode": 200
    }
    [35mresponseTime[39m: 147
[13:47:17.519] [32mINFO[39m (21872): [36mrequest completed[39m
    [35mreq[39m: {
      "id": 23,
      "method": "GET",
      "url": "/api/images/373"
    }
    [35mres[39m: {
      "statusCode": 200
    }
    [35mresponseTime[39m: 185
[13:47:17.575] [32mINFO[39m (21872): [36mrequest completed[39m
    [35mreq[39m: {
      "id": 25,
      "method": "GET",
      "url": "/api/images/332"
    }
    [35mres[39m: {
      "statusCode": 200
    }
    [35mresponseTime[39m: 147
[13:47:17.656] [32mINFO[39m (21872): [36mrequest completed[39m
    [35mreq[39m: {
      "id": 26,
      "method": "GET",
      "url": "/api/images/779"
    }
    [35mres[39m: {
      "statusCode": 200
    }
    [35mresponseTime[39m: 166
[13:47:17.759] [32mINFO[39m (21872): [36mrequest completed[39m
    [35mreq[39m: {
      "id": 27,
      "method": "GET",
      "url": "/api/images/32"
    }
    [35mres[39m: {
      "statusCode": 200
    }
    [35mresponseTime[39m: 144
[13:47:17.951] [32mINFO[39m (21872): [36mrequest completed[39m
    [35mreq[39m: {
      "id": 28,
      "method": "GET",
      "url": "/api/images/263"
    }
    [35mres[39m: {
      "statusCode": 200
    }
    [35mresponseTime[39m: 146
[13:47:17.970] [32mINFO[39m (21872): [36mrequest completed[39m
    [35mreq[39m: {
      "id": 29,
      "method": "GET",
      "url": "/api/images/334"
    }
    [35mres[39m: {
      "statusCode": 200
    }
    [35mresponseTime[39m: 164
[13:47:18.016] [32mINFO[39m (21872): [36mrequest completed[39m
    [35mreq[39m: {
      "id": 30,
      "method": "GET",
      "url": "/api/images/888"
    }
    [35mres[39m: {
      "statusCode": 200
    }
    [35mresponseTime[39m: 182
[13:47:18.029] [32mINFO[39m (21872): [36mrequest completed[39m
    [35mreq[39m: {
      "id": 31,
      "method": "GET",
      "url": "/api/images/311"
    }
    [35mres[39m: {
      "statusCode": 200
    }
    [35mresponseTime[39m: 148
[13:47:18.140] [32mINFO[39m (21872): [36mrequest completed[39m
    [35mreq[39m: {
      "id": 32,
      "method": "GET",
      "url": "/api/images/28"
    }
    [35mres[39m: {
      "statusCode": 200
    }
    [35mresponseTime[39m: 166
[13:47:18.215] [32mINFO[39m (21872): [36mrequest completed[39m
    [35mreq[39m: {
      "id": 33,
      "method": "GET",
      "url": "/api/images/447"
    }
    [35mres[39m: {
      "statusCode": 200
    }
    [35mresponseTime[39m: 148
[13:47:18.416] [32mINFO[39m (21872): [36mrequest completed[39m
    [35mreq[39m: {
      "id": 34,
      "method": "GET",
      "url": "/api/images/64"
    }
    [35mres[39m: {
      "statusCode": 200
    }
    [35mresponseTime[39m: 147
[13:47:18.451] [32mINFO[39m (21872): [36mrequest completed[39m
    [35mreq[39m: {
      "id": 35,
      "method": "GET",
      "url": "/api/images/545"
    }
    [35mres[39m: {
      "statusCode": 200
    }
    [35mresponseTime[39m: 166
[13:47:18.492] [32mINFO[39m (21872): [36mrequest completed[39m
    [35mreq[39m: {
      "id": 37,
      "method": "GET",
      "url": "/api/images/377"
    }
    [35mres[39m: {
      "statusCode": 200
    }
    [35mresponseTime[39m: 145
[13:47:18.518] [32mINFO[39m (21872): [36mrequest completed[39m
    [35mreq[39m: {
      "id": 36,
      "method": "GET",
      "url": "/api/images/312"
    }
    [35mres[39m: {
      "statusCode": 200
    }
    [35mresponseTime[39m: 186
[13:47:33.303] [32mINFO[39m (21872): [36mrequest completed[39m
    [35mreq[39m: {
      "id": 38,
      "method": "GET",
      "url": "/api/news"
    }
    [35mres[39m: {
      "statusCode": 200
    }
    [35mresponseTime[39m: 2
[13:47:50.246] [32mINFO[39m (21872): [36mrequest completed[39m
    [35mreq[39m: {
      "id": 39,
      "method": "GET",
      "url": "/api/cars/stats"
    }
    [35mres[39m: {
      "statusCode": 304
    }
    [35mresponseTime[39m: 2
[13:47:50.248] [32mINFO[39m (21872): [36mrequest completed[39m
    [35mreq[39m: {
      "id": 40,
      "method": "GET",
      "url": "/api/cars/brands"
    }
    [35mres[39m: {
      "statusCode": 304
    }
    [35mresponseTime[39m: 1
[13:47:50.616] [32mINFO[39m (21872): [36mrequest completed[39m
    [35mreq[39m: {
      "id": 41,
      "method": "GET",
      "url": "/api/insights/market-overview"
    }
    [35mres[39m: {
      "statusCode": 304
    }
    [35mresponseTime[39m: 214
[13:47:51.548] [32mINFO[39m (21872): [36mrequest completed[39m
    [35mreq[39m: {
      "id": 42,
      "method": "GET",
      "url": "/api/cars/stats"
    }
    [35mres[39m: {
      "statusCode": 304
    }
    [35mresponseTime[39m: 2
[13:47:51.550] [32mINFO[39m (21872): [36mrequest completed[39m
    [35mreq[39m: {
      "id": 43,
      "method": "GET",
      "url": "/api/cars/brands"
    }
    [35mres[39m: {
      "statusCode": 304
    }
    [35mresponseTime[39m: 1
[13:47:51.759] [32mINFO[39m (21872): [36mrequest completed[39m
    [35mreq[39m: {
      "id": 44,
      "method": "GET",
      "url": "/api/insights/market-overview"
    }
    [35mres[39m: {
      "statusCode": 304
    }
    [35mresponseTime[39m: 208
[13:47:59.960] [32mINFO[39m (21872): [36mrequest completed[39m
    [35mreq[39m: {
      "id": 45,
      "method": "POST",
      "url": "/api/query-process"
    }
    [35mres[39m: {
      "statusCode": 200
    }
    [35mresponseTime[39m: 2178
[13:48:01.473] [32mINFO[39m (21872): [36mrequest completed[39m
    [35mreq[39m: {
      "id": 51,
      "method": "GET",
      "url": "/api/images/303"
    }
    [35mres[39m: {
      "statusCode": 200
    }
    [35mresponseTime[39m: 1156
[13:48:01.474] [32mINFO[39m (21872): [36mrequest completed[39m
    [35mreq[39m: {
      "id": 49,
      "method": "GET",
      "url": "/api/images/931"
    }
    [35mres[39m: {
      "statusCode": 200
    }
    [35mresponseTime[39m: 1159
[13:48:01.475] [32mINFO[39m (21872): [36mrequest completed[39m
    [35mreq[39m: {
      "id": 47,
      "method": "GET",
      "url": "/api/images/638"
    }
    [35mres[39m: {
      "statusCode": 200
    }
    [35mresponseTime[39m: 1164
[13:48:01.476] [32mINFO[39m (21872): [36mrequest completed[39m
    [35mreq[39m: {
      "id": 50,
      "method": "GET",
      "url": "/api/images/69"
    }
    [35mres[39m: {
      "statusCode": 200
    }
    [35mresponseTime[39m: 1160
[13:48:01.482] [32mINFO[39m (21872): [36mrequest completed[39m
    [35mreq[39m: {
      "id": 48,
      "method": "GET",
      "url": "/api/images/609"
    }
    [35mres[39m: {
      "statusCode": 200
    }
    [35mresponseTime[39m: 1169
[13:48:01.495] [32mINFO[39m (21872): [36mrequest completed[39m
    [35mreq[39m: {
      "id": 46,
      "method": "GET",
      "url": "/api/images/739"
    }
    [35mres[39m: {
      "statusCode": 200
    }
    [35mresponseTime[39m: 1499
[13:48:01.942] [32mINFO[39m (21872): [36mrequest completed[39m
    [35mreq[39m: {
      "id": 55,
      "method": "GET",
      "url": "/api/images/886"
    }
    [35mres[39m: {
      "statusCode": 304
    }
    [35mresponseTime[39m: 152
[13:48:01.942] [32mINFO[39m (21872): [36mrequest completed[39m
    [35mreq[39m: {
      "id": 54,
      "method": "GET",
      "url": "/api/images/873"
    }
    [35mres[39m: {
      "statusCode": 200
    }
    [35mresponseTime[39m: 153
[13:48:01.947] [32mINFO[39m (21872): [36mrequest completed[39m
    [35mreq[39m: {
      "id": 53,
      "method": "GET",
      "url": "/api/images/367"
    }
    [35mres[39m: {
      "statusCode": 200
    }
    [35mresponseTime[39m: 159
[13:48:01.949] [32mINFO[39m (21872): [36mrequest completed[39m
    [35mreq[39m: {
      "id": 56,
      "method": "GET",
      "url": "/api/images/764"
    }
    [35mres[39m: {
      "statusCode": 200
    }
    [35mresponseTime[39m: 150
[13:48:01.952] [32mINFO[39m (21872): [36mrequest completed[39m
    [35mreq[39m: {
      "id": 52,
      "method": "GET",
      "url": "/api/images/256"
    }
    [35mres[39m: {
      "statusCode": 200
    }
    [35mresponseTime[39m: 164
[13:48:01.964] [32mINFO[39m (21872): [36mrequest completed[39m
    [35mreq[39m: {
      "id": 57,
      "method": "GET",
      "url": "/api/images/368"
    }
    [35mres[39m: {
      "statusCode": 200
    }
    [35mresponseTime[39m: 151
[13:48:02.409] [32mINFO[39m (21872): [36mrequest completed[39m
    [35mreq[39m: {
      "id": 58,
      "method": "GET",
      "url": "/api/images/321"
    }
    [35mres[39m: {
      "statusCode": 200
    }
    [35mresponseTime[39m: 151
[13:48:02.417] [32mINFO[39m (21872): [36mrequest completed[39m
    [35mreq[39m: {
      "id": 60,
      "method": "GET",
      "url": "/api/images/339"
    }
    [35mres[39m: {
      "statusCode": 200
    }
    [35mresponseTime[39m: 156
[13:48:02.420] [32mINFO[39m (21872): [36mrequest completed[39m
    [35mreq[39m: {
      "id": 61,
      "method": "GET",
      "url": "/api/images/567"
    }
    [35mres[39m: {
      "statusCode": 200
    }
    [35mresponseTime[39m: 158
[13:48:02.429] [32mINFO[39m (21872): [36mrequest completed[39m
    [35mreq[39m: {
      "id": 59,
      "method": "GET",
      "url": "/api/images/301"
    }
    [35mres[39m: {
      "statusCode": 304
    }
    [35mresponseTime[39m: 169
[13:48:02.437] [32mINFO[39m (21872): [36mrequest completed[39m
    [35mreq[39m: {
      "id": 62,
      "method": "GET",
      "url": "/api/images/30"
    }
    [35mres[39m: {
      "statusCode": 304
    }
    [35mresponseTime[39m: 169
[13:48:02.439] [32mINFO[39m (21872): [36mrequest completed[39m
    [35mreq[39m: {
      "id": 63,
      "method": "GET",
      "url": "/api/images/255"
    }
    [35mres[39m: {
      "statusCode": 304
    }
    [35mresponseTime[39m: 155
[13:48:02.881] [32mINFO[39m (21872): [36mrequest completed[39m
    [35mreq[39m: {
      "id": 64,
      "method": "GET",
      "url": "/api/images/386"
    }
    [35mres[39m: {
      "statusCode": 304
    }
    [35mresponseTime[39m: 157
[13:48:02.882] [32mINFO[39m (21872): [36mrequest completed[39m
    [35mreq[39m: {
      "id": 65,
      "method": "GET",
      "url": "/api/images/763"
    }
    [35mres[39m: {
      "statusCode": 200
    }
    [35mresponseTime[39m: 156
[13:48:02.900] [32mINFO[39m (21872): [36mrequest completed[39m
    [35mreq[39m: {
      "id": 67,
      "method": "GET",
      "url": "/api/images/302"
    }
    [35mres[39m: {
      "statusCode": 304
    }
    [35mresponseTime[39m: 158
[13:48:02.905] [32mINFO[39m (21872): [36mrequest completed[39m
    [35mreq[39m: {
      "id": 66,
      "method": "GET",
      "url": "/api/images/211"
    }
    [35mres[39m: {
      "statusCode": 304
    }
    [35mresponseTime[39m: 165
[13:48:02.906] [32mINFO[39m (21872): [36mrequest completed[39m
    [35mreq[39m: {
      "id": 68,
      "method": "GET",
      "url": "/api/images/506"
    }
    [35mres[39m: {
      "statusCode": 304
    }
    [35mresponseTime[39m: 151
[13:48:02.907] [32mINFO[39m (21872): [36mrequest completed[39m
    [35mreq[39m: {
      "id": 69,
      "method": "GET",
      "url": "/api/images/910"
    }
    [35mres[39m: {
      "statusCode": 200
    }
    [35mresponseTime[39m: 151
[13:48:03.343] [32mINFO[39m (21872): [36mrequest completed[39m
    [35mreq[39m: {
      "id": 70,
      "method": "GET",
      "url": "/api/images/793"
    }
    [35mres[39m: {
      "statusCode": 200
    }
    [35mresponseTime[39m: 150
[13:48:03.343] [32mINFO[39m (21872): [36mrequest completed[39m
    [35mreq[39m: {
      "id": 71,
      "method": "GET",
      "url": "/api/images/507"
    }
    [35mres[39m: {
      "statusCode": 200
    }
    [35mresponseTime[39m: 150
[13:48:03.374] [32mINFO[39m (21872): [36mrequest completed[39m
    [35mreq[39m: {
      "id": 72,
      "method": "GET",
      "url": "/api/images/340"
    }
    [35mres[39m: {
      "statusCode": 200
    }
    [35mresponseTime[39m: 167
[13:48:03.378] [32mINFO[39m (21872): [36mrequest completed[39m
    [35mreq[39m: {
      "id": 74,
      "method": "GET",
      "url": "/api/images/568"
    }
    [35mres[39m: {
      "statusCode": 200
    }
    [35mresponseTime[39m: 153
[13:48:03.378] [32mINFO[39m (21872): [36mrequest completed[39m
    [35mreq[39m: {
      "id": 75,
      "method": "GET",
      "url": "/api/images/90"
    }
    [35mres[39m: {
      "statusCode": 304
    }
    [35mresponseTime[39m: 152
[13:48:03.382] [32mINFO[39m (21872): [36mrequest completed[39m
    [35mreq[39m: {
      "id": 73,
      "method": "GET",
      "url": "/api/images/863"
    }
    [35mres[39m: {
      "statusCode": 200
    }
    [35mresponseTime[39m: 158
[13:48:08.663] [32mINFO[39m (21872): [36mrequest completed[39m
    [35mreq[39m: {
      "id": 76,
      "method": "GET",
      "url": "/api/cars/90"
    }
    [35mres[39m: {
      "statusCode": 200
    }
    [35mresponseTime[39m: 1
[13:48:16.718] [32mINFO[39m (21872): [36mrequest completed[39m
    [35mreq[39m: {
      "id": 77,
      "method": "GET",
      "url": "/api/insights/90"
    }
    [35mres[39m: {
      "statusCode": 200
    }
    [35mresponseTime[39m: 8054
[13:49:11.810] [32mINFO[39m (21872): [36mrequest completed[39m
    [35mreq[39m: {
      "id": 78,
      "method": "GET",
      "url": "/api/cars"
    }
    [35mres[39m: {
      "statusCode": 200
    }
    [35mresponseTime[39m: 298
